<?xml version="1.0" encoding="UTF-8"?>
<testsuite xmlns:xsi="http://www.w3.org/2001/XMLSchema-instance" xsi:noNamespaceSchemaLocation="https://maven.apache.org/surefire/maven-surefire-plugin/xsd/surefire-test-report.xsd" name="Runner.WebOrderRegressionRunner" time="2.622" tests="2" errors="0" skipped="0" failures="1">
  <properties>
    <property name="gopherProxySet" value="false"/>
    <property name="awt.toolkit" value="sun.lwawt.macosx.LWCToolkit"/>
    <property name="java.specification.version" value="11"/>
    <property name="sun.cpu.isalist" value=""/>
    <property name="sun.jnu.encoding" value="UTF-8"/>
    <property name="java.class.path" value="/Users/volodymyrbendiukevych/IdeaProjects/CucumberBatch4/target/test-classes:/Users/volodymyrbendiukevych/IdeaProjects/CucumberBatch4/target/classes:/Users/volodymyrbendiukevych/.m2/repository/com/fasterxml/jackson/core/jackson-databind/2.10.0/jackson-databind-2.10.0.jar:/Users/volodymyrbendiukevych/.m2/repository/com/fasterxml/jackson/core/jackson-annotations/2.10.0/jackson-annotations-2.10.0.jar:/Users/volodymyrbendiukevych/.m2/repository/com/fasterxml/jackson/core/jackson-core/2.10.0/jackson-core-2.10.0.jar:/Users/volodymyrbendiukevych/.m2/repository/org/projectlombok/lombok/1.18.12/lombok-1.18.12.jar:/Users/volodymyrbendiukevych/.m2/repository/org/seleniumhq/selenium/selenium-java/3.141.59/selenium-java-3.141.59.jar:/Users/volodymyrbendiukevych/.m2/repository/org/seleniumhq/selenium/selenium-api/3.141.59/selenium-api-3.141.59.jar:/Users/volodymyrbendiukevych/.m2/repository/org/seleniumhq/selenium/selenium-chrome-driver/3.141.59/selenium-chrome-driver-3.141.59.jar:/Users/volodymyrbendiukevych/.m2/repository/org/seleniumhq/selenium/selenium-edge-driver/3.141.59/selenium-edge-driver-3.141.59.jar:/Users/volodymyrbendiukevych/.m2/repository/org/seleniumhq/selenium/selenium-firefox-driver/3.141.59/selenium-firefox-driver-3.141.59.jar:/Users/volodymyrbendiukevych/.m2/repository/org/seleniumhq/selenium/selenium-ie-driver/3.141.59/selenium-ie-driver-3.141.59.jar:/Users/volodymyrbendiukevych/.m2/repository/org/seleniumhq/selenium/selenium-opera-driver/3.141.59/selenium-opera-driver-3.141.59.jar:/Users/volodymyrbendiukevych/.m2/repository/org/seleniumhq/selenium/selenium-remote-driver/3.141.59/selenium-remote-driver-3.141.59.jar:/Users/volodymyrbendiukevych/.m2/repository/org/seleniumhq/selenium/selenium-safari-driver/3.141.59/selenium-safari-driver-3.141.59.jar:/Users/volodymyrbendiukevych/.m2/repository/org/seleniumhq/selenium/selenium-support/3.141.59/selenium-support-3.141.59.jar:/Users/volodymyrbendiukevych/.m2/repository/net/bytebuddy/byte-buddy/1.8.15/byte-buddy-1.8.15.jar:/Users/volodymyrbendiukevych/.m2/repository/org/apache/commons/commons-exec/1.3/commons-exec-1.3.jar:/Users/volodymyrbendiukevych/.m2/repository/com/google/guava/guava/25.0-jre/guava-25.0-jre.jar:/Users/volodymyrbendiukevych/.m2/repository/com/google/code/findbugs/jsr305/1.3.9/jsr305-1.3.9.jar:/Users/volodymyrbendiukevych/.m2/repository/org/checkerframework/checker-compat-qual/2.0.0/checker-compat-qual-2.0.0.jar:/Users/volodymyrbendiukevych/.m2/repository/com/google/errorprone/error_prone_annotations/2.1.3/error_prone_annotations-2.1.3.jar:/Users/volodymyrbendiukevych/.m2/repository/com/google/j2objc/j2objc-annotations/1.1/j2objc-annotations-1.1.jar:/Users/volodymyrbendiukevych/.m2/repository/org/codehaus/mojo/animal-sniffer-annotations/1.14/animal-sniffer-annotations-1.14.jar:/Users/volodymyrbendiukevych/.m2/repository/com/squareup/okhttp3/okhttp/3.11.0/okhttp-3.11.0.jar:/Users/volodymyrbendiukevych/.m2/repository/com/squareup/okio/okio/1.14.0/okio-1.14.0.jar:/Users/volodymyrbendiukevych/.m2/repository/io/cucumber/cucumber-java/5.7.0/cucumber-java-5.7.0.jar:/Users/volodymyrbendiukevych/.m2/repository/io/cucumber/cucumber-core/5.7.0/cucumber-core-5.7.0.jar:/Users/volodymyrbendiukevych/.m2/repository/io/cucumber/cucumber-gherkin/5.7.0/cucumber-gherkin-5.7.0.jar:/Users/volodymyrbendiukevych/.m2/repository/io/cucumber/cucumber-gherkin-vintage/5.7.0/cucumber-gherkin-vintage-5.7.0.jar:/Users/volodymyrbendiukevych/.m2/repository/io/cucumber/tag-expressions/2.0.4/tag-expressions-2.0.4.jar:/Users/volodymyrbendiukevych/.m2/repository/io/cucumber/cucumber-expressions/8.3.1/cucumber-expressions-8.3.1.jar:/Users/volodymyrbendiukevych/.m2/repository/io/cucumber/datatable/3.3.1/datatable-3.3.1.jar:/Users/volodymyrbendiukevych/.m2/repository/io/cucumber/cucumber-plugin/5.7.0/cucumber-plugin-5.7.0.jar:/Users/volodymyrbendiukevych/.m2/repository/io/cucumber/docstring/5.7.0/docstring-5.7.0.jar:/Users/volodymyrbendiukevych/.m2/repository/org/apiguardian/apiguardian-api/1.1.0/apiguardian-api-1.1.0.jar:/Users/volodymyrbendiukevych/.m2/repository/io/cucumber/cucumber-junit/5.7.0/cucumber-junit-5.7.0.jar:/Users/volodymyrbendiukevych/.m2/repository/junit/junit/4.13/junit-4.13.jar:/Users/volodymyrbendiukevych/.m2/repository/org/hamcrest/hamcrest-core/1.3/hamcrest-core-1.3.jar:/Users/volodymyrbendiukevych/.m2/repository/io/github/bonigarcia/webdrivermanager/4.0.0/webdrivermanager-4.0.0.jar:/Users/volodymyrbendiukevych/.m2/repository/org/slf4j/slf4j-api/1.7.30/slf4j-api-1.7.30.jar:/Users/volodymyrbendiukevych/.m2/repository/commons-io/commons-io/2.6/commons-io-2.6.jar:/Users/volodymyrbendiukevych/.m2/repository/com/google/code/gson/gson/2.8.6/gson-2.8.6.jar:/Users/volodymyrbendiukevych/.m2/repository/org/apache/commons/commons-lang3/3.10/commons-lang3-3.10.jar:/Users/volodymyrbendiukevych/.m2/repository/org/apache/httpcomponents/client5/httpclient5/5.0/httpclient5-5.0.jar:/Users/volodymyrbendiukevych/.m2/repository/org/apache/httpcomponents/core5/httpcore5/5.0/httpcore5-5.0.jar:/Users/volodymyrbendiukevych/.m2/repository/org/apache/httpcomponents/core5/httpcore5-h2/5.0/httpcore5-h2-5.0.jar:/Users/volodymyrbendiukevych/.m2/repository/org/rauschig/jarchivelib/1.0.0/jarchivelib-1.0.0.jar:/Users/volodymyrbendiukevych/.m2/repository/org/apache/commons/commons-compress/1.18/commons-compress-1.18.jar:/Users/volodymyrbendiukevych/.m2/repository/org/jsoup/jsoup/1.13.1/jsoup-1.13.1.jar:/Users/volodymyrbendiukevych/.m2/repository/org/apache/httpcomponents/httpclient/4.5.6/httpclient-4.5.6.jar:/Users/volodymyrbendiukevych/.m2/repository/org/apache/httpcomponents/httpcore/4.4.10/httpcore-4.4.10.jar:/Users/volodymyrbendiukevych/.m2/repository/commons-logging/commons-logging/1.2/commons-logging-1.2.jar:/Users/volodymyrbendiukevych/.m2/repository/commons-codec/commons-codec/1.10/commons-codec-1.10.jar:/Users/volodymyrbendiukevych/.m2/repository/com/github/javafaker/javafaker/1.0.2/javafaker-1.0.2.jar:/Users/volodymyrbendiukevych/.m2/repository/org/yaml/snakeyaml/1.23/snakeyaml-1.23-android.jar:/Users/volodymyrbendiukevych/.m2/repository/com/github/mifmif/generex/1.0.2/generex-1.0.2.jar:/Users/volodymyrbendiukevych/.m2/repository/dk/brics/automaton/automaton/1.11-8/automaton-1.11-8.jar:/Users/volodymyrbendiukevych/.m2/repository/io/rest-assured/rest-assured/4.3.0/rest-assured-4.3.0.jar:/Users/volodymyrbendiukevych/.m2/repository/org/codehaus/groovy/groovy/3.0.2/groovy-3.0.2.jar:/Users/volodymyrbendiukevych/.m2/repository/org/codehaus/groovy/groovy-xml/3.0.2/groovy-xml-3.0.2.jar:/Users/volodymyrbendiukevych/.m2/repository/org/apache/httpcomponents/httpmime/4.5.3/httpmime-4.5.3.jar:/Users/volodymyrbendiukevych/.m2/repository/org/hamcrest/hamcrest/2.1/hamcrest-2.1.jar:/Users/volodymyrbendiukevych/.m2/repository/org/ccil/cowan/tagsoup/tagsoup/1.2.1/tagsoup-1.2.1.jar:/Users/volodymyrbendiukevych/.m2/repository/io/rest-assured/json-path/4.3.0/json-path-4.3.0.jar:/Users/volodymyrbendiukevych/.m2/repository/org/codehaus/groovy/groovy-json/3.0.2/groovy-json-3.0.2.jar:/Users/volodymyrbendiukevych/.m2/repository/io/rest-assured/rest-assured-common/4.3.0/rest-assured-common-4.3.0.jar:/Users/volodymyrbendiukevych/.m2/repository/io/rest-assured/xml-path/4.3.0/xml-path-4.3.0.jar:/Users/volodymyrbendiukevych/.m2/repository/jakarta/xml/bind/jakarta.xml.bind-api/2.3.2/jakarta.xml.bind-api-2.3.2.jar:/Users/volodymyrbendiukevych/.m2/repository/jakarta/activation/jakarta.activation-api/1.2.1/jakarta.activation-api-1.2.1.jar:/Users/volodymyrbendiukevych/.m2/repository/com/sun/xml/bind/jaxb-osgi/2.3.0.1/jaxb-osgi-2.3.0.1.jar:/Users/volodymyrbendiukevych/.m2/repository/org/apache/sling/org.apache.sling.javax.activation/0.1.0/org.apache.sling.javax.activation-0.1.0.jar:/Users/volodymyrbendiukevych/.m2/repository/javax/activation/activation/1.1.1/activation-1.1.1.jar:"/>
    <property name="java.vm.vendor" value="Oracle Corporation"/>
    <property name="sun.arch.data.model" value="64"/>
    <property name="java.vendor.url" value="https://openjdk.java.net/"/>
    <property name="user.timezone" value=""/>
    <property name="java.vm.specification.version" value="11"/>
    <property name="os.name" value="Mac OS X"/>
    <property name="sun.java.launcher" value="SUN_STANDARD"/>
    <property name="user.country" value="US"/>
    <property name="sun.boot.library.path" value="/Library/Java/JavaVirtualMachines/jdk-11.0.7.jdk/Contents/Home/lib"/>
    <property name="sun.java.command" value="/Users/volodymyrbendiukevych/IdeaProjects/CucumberBatch4/target/surefire/surefirebooter13783547546763265392.jar /Users/volodymyrbendiukevych/IdeaProjects/CucumberBatch4/target/surefire 2020-07-21T22-44-46_638-jvmRun1 surefire455000350213677096tmp surefire_017919994847622597103tmp"/>
    <property name="http.nonProxyHosts" value="local|*.local|169.254/16|*.169.254/16"/>
    <property name="jdk.debug" value="release"/>
    <property name="surefire.test.class.path" value="/Users/volodymyrbendiukevych/IdeaProjects/CucumberBatch4/target/test-classes:/Users/volodymyrbendiukevych/IdeaProjects/CucumberBatch4/target/classes:/Users/volodymyrbendiukevych/.m2/repository/com/fasterxml/jackson/core/jackson-databind/2.10.0/jackson-databind-2.10.0.jar:/Users/volodymyrbendiukevych/.m2/repository/com/fasterxml/jackson/core/jackson-annotations/2.10.0/jackson-annotations-2.10.0.jar:/Users/volodymyrbendiukevych/.m2/repository/com/fasterxml/jackson/core/jackson-core/2.10.0/jackson-core-2.10.0.jar:/Users/volodymyrbendiukevych/.m2/repository/org/projectlombok/lombok/1.18.12/lombok-1.18.12.jar:/Users/volodymyrbendiukevych/.m2/repository/org/seleniumhq/selenium/selenium-java/3.141.59/selenium-java-3.141.59.jar:/Users/volodymyrbendiukevych/.m2/repository/org/seleniumhq/selenium/selenium-api/3.141.59/selenium-api-3.141.59.jar:/Users/volodymyrbendiukevych/.m2/repository/org/seleniumhq/selenium/selenium-chrome-driver/3.141.59/selenium-chrome-driver-3.141.59.jar:/Users/volodymyrbendiukevych/.m2/repository/org/seleniumhq/selenium/selenium-edge-driver/3.141.59/selenium-edge-driver-3.141.59.jar:/Users/volodymyrbendiukevych/.m2/repository/org/seleniumhq/selenium/selenium-firefox-driver/3.141.59/selenium-firefox-driver-3.141.59.jar:/Users/volodymyrbendiukevych/.m2/repository/org/seleniumhq/selenium/selenium-ie-driver/3.141.59/selenium-ie-driver-3.141.59.jar:/Users/volodymyrbendiukevych/.m2/repository/org/seleniumhq/selenium/selenium-opera-driver/3.141.59/selenium-opera-driver-3.141.59.jar:/Users/volodymyrbendiukevych/.m2/repository/org/seleniumhq/selenium/selenium-remote-driver/3.141.59/selenium-remote-driver-3.141.59.jar:/Users/volodymyrbendiukevych/.m2/repository/org/seleniumhq/selenium/selenium-safari-driver/3.141.59/selenium-safari-driver-3.141.59.jar:/Users/volodymyrbendiukevych/.m2/repository/org/seleniumhq/selenium/selenium-support/3.141.59/selenium-support-3.141.59.jar:/Users/volodymyrbendiukevych/.m2/repository/net/bytebuddy/byte-buddy/1.8.15/byte-buddy-1.8.15.jar:/Users/volodymyrbendiukevych/.m2/repository/org/apache/commons/commons-exec/1.3/commons-exec-1.3.jar:/Users/volodymyrbendiukevych/.m2/repository/com/google/guava/guava/25.0-jre/guava-25.0-jre.jar:/Users/volodymyrbendiukevych/.m2/repository/com/google/code/findbugs/jsr305/1.3.9/jsr305-1.3.9.jar:/Users/volodymyrbendiukevych/.m2/repository/org/checkerframework/checker-compat-qual/2.0.0/checker-compat-qual-2.0.0.jar:/Users/volodymyrbendiukevych/.m2/repository/com/google/errorprone/error_prone_annotations/2.1.3/error_prone_annotations-2.1.3.jar:/Users/volodymyrbendiukevych/.m2/repository/com/google/j2objc/j2objc-annotations/1.1/j2objc-annotations-1.1.jar:/Users/volodymyrbendiukevych/.m2/repository/org/codehaus/mojo/animal-sniffer-annotations/1.14/animal-sniffer-annotations-1.14.jar:/Users/volodymyrbendiukevych/.m2/repository/com/squareup/okhttp3/okhttp/3.11.0/okhttp-3.11.0.jar:/Users/volodymyrbendiukevych/.m2/repository/com/squareup/okio/okio/1.14.0/okio-1.14.0.jar:/Users/volodymyrbendiukevych/.m2/repository/io/cucumber/cucumber-java/5.7.0/cucumber-java-5.7.0.jar:/Users/volodymyrbendiukevych/.m2/repository/io/cucumber/cucumber-core/5.7.0/cucumber-core-5.7.0.jar:/Users/volodymyrbendiukevych/.m2/repository/io/cucumber/cucumber-gherkin/5.7.0/cucumber-gherkin-5.7.0.jar:/Users/volodymyrbendiukevych/.m2/repository/io/cucumber/cucumber-gherkin-vintage/5.7.0/cucumber-gherkin-vintage-5.7.0.jar:/Users/volodymyrbendiukevych/.m2/repository/io/cucumber/tag-expressions/2.0.4/tag-expressions-2.0.4.jar:/Users/volodymyrbendiukevych/.m2/repository/io/cucumber/cucumber-expressions/8.3.1/cucumber-expressions-8.3.1.jar:/Users/volodymyrbendiukevych/.m2/repository/io/cucumber/datatable/3.3.1/datatable-3.3.1.jar:/Users/volodymyrbendiukevych/.m2/repository/io/cucumber/cucumber-plugin/5.7.0/cucumber-plugin-5.7.0.jar:/Users/volodymyrbendiukevych/.m2/repository/io/cucumber/docstring/5.7.0/docstring-5.7.0.jar:/Users/volodymyrbendiukevych/.m2/repository/org/apiguardian/apiguardian-api/1.1.0/apiguardian-api-1.1.0.jar:/Users/volodymyrbendiukevych/.m2/repository/io/cucumber/cucumber-junit/5.7.0/cucumber-junit-5.7.0.jar:/Users/volodymyrbendiukevych/.m2/repository/junit/junit/4.13/junit-4.13.jar:/Users/volodymyrbendiukevych/.m2/repository/org/hamcrest/hamcrest-core/1.3/hamcrest-core-1.3.jar:/Users/volodymyrbendiukevych/.m2/repository/io/github/bonigarcia/webdrivermanager/4.0.0/webdrivermanager-4.0.0.jar:/Users/volodymyrbendiukevych/.m2/repository/org/slf4j/slf4j-api/1.7.30/slf4j-api-1.7.30.jar:/Users/volodymyrbendiukevych/.m2/repository/commons-io/commons-io/2.6/commons-io-2.6.jar:/Users/volodymyrbendiukevych/.m2/repository/com/google/code/gson/gson/2.8.6/gson-2.8.6.jar:/Users/volodymyrbendiukevych/.m2/repository/org/apache/commons/commons-lang3/3.10/commons-lang3-3.10.jar:/Users/volodymyrbendiukevych/.m2/repository/org/apache/httpcomponents/client5/httpclient5/5.0/httpclient5-5.0.jar:/Users/volodymyrbendiukevych/.m2/repository/org/apache/httpcomponents/core5/httpcore5/5.0/httpcore5-5.0.jar:/Users/volodymyrbendiukevych/.m2/repository/org/apache/httpcomponents/core5/httpcore5-h2/5.0/httpcore5-h2-5.0.jar:/Users/volodymyrbendiukevych/.m2/repository/org/rauschig/jarchivelib/1.0.0/jarchivelib-1.0.0.jar:/Users/volodymyrbendiukevych/.m2/repository/org/apache/commons/commons-compress/1.18/commons-compress-1.18.jar:/Users/volodymyrbendiukevych/.m2/repository/org/jsoup/jsoup/1.13.1/jsoup-1.13.1.jar:/Users/volodymyrbendiukevych/.m2/repository/org/apache/httpcomponents/httpclient/4.5.6/httpclient-4.5.6.jar:/Users/volodymyrbendiukevych/.m2/repository/org/apache/httpcomponents/httpcore/4.4.10/httpcore-4.4.10.jar:/Users/volodymyrbendiukevych/.m2/repository/commons-logging/commons-logging/1.2/commons-logging-1.2.jar:/Users/volodymyrbendiukevych/.m2/repository/commons-codec/commons-codec/1.10/commons-codec-1.10.jar:/Users/volodymyrbendiukevych/.m2/repository/com/github/javafaker/javafaker/1.0.2/javafaker-1.0.2.jar:/Users/volodymyrbendiukevych/.m2/repository/org/yaml/snakeyaml/1.23/snakeyaml-1.23-android.jar:/Users/volodymyrbendiukevych/.m2/repository/com/github/mifmif/generex/1.0.2/generex-1.0.2.jar:/Users/volodymyrbendiukevych/.m2/repository/dk/brics/automaton/automaton/1.11-8/automaton-1.11-8.jar:/Users/volodymyrbendiukevych/.m2/repository/io/rest-assured/rest-assured/4.3.0/rest-assured-4.3.0.jar:/Users/volodymyrbendiukevych/.m2/repository/org/codehaus/groovy/groovy/3.0.2/groovy-3.0.2.jar:/Users/volodymyrbendiukevych/.m2/repository/org/codehaus/groovy/groovy-xml/3.0.2/groovy-xml-3.0.2.jar:/Users/volodymyrbendiukevych/.m2/repository/org/apache/httpcomponents/httpmime/4.5.3/httpmime-4.5.3.jar:/Users/volodymyrbendiukevych/.m2/repository/org/hamcrest/hamcrest/2.1/hamcrest-2.1.jar:/Users/volodymyrbendiukevych/.m2/repository/org/ccil/cowan/tagsoup/tagsoup/1.2.1/tagsoup-1.2.1.jar:/Users/volodymyrbendiukevych/.m2/repository/io/rest-assured/json-path/4.3.0/json-path-4.3.0.jar:/Users/volodymyrbendiukevych/.m2/repository/org/codehaus/groovy/groovy-json/3.0.2/groovy-json-3.0.2.jar:/Users/volodymyrbendiukevych/.m2/repository/io/rest-assured/rest-assured-common/4.3.0/rest-assured-common-4.3.0.jar:/Users/volodymyrbendiukevych/.m2/repository/io/rest-assured/xml-path/4.3.0/xml-path-4.3.0.jar:/Users/volodymyrbendiukevych/.m2/repository/jakarta/xml/bind/jakarta.xml.bind-api/2.3.2/jakarta.xml.bind-api-2.3.2.jar:/Users/volodymyrbendiukevych/.m2/repository/jakarta/activation/jakarta.activation-api/1.2.1/jakarta.activation-api-1.2.1.jar:/Users/volodymyrbendiukevych/.m2/repository/com/sun/xml/bind/jaxb-osgi/2.3.0.1/jaxb-osgi-2.3.0.1.jar:/Users/volodymyrbendiukevych/.m2/repository/org/apache/sling/org.apache.sling.javax.activation/0.1.0/org.apache.sling.javax.activation-0.1.0.jar:/Users/volodymyrbendiukevych/.m2/repository/javax/activation/activation/1.1.1/activation-1.1.1.jar:"/>
    <property name="sun.cpu.endian" value="little"/>
    <property name="user.home" value="/Users/volodymyrbendiukevych"/>
    <property name="user.language" value="en"/>
    <property name="java.specification.vendor" value="Oracle Corporation"/>
    <property name="java.version.date" value="2020-04-14"/>
    <property name="java.home" value="/Library/Java/JavaVirtualMachines/jdk-11.0.7.jdk/Contents/Home"/>
    <property name="file.separator" value="/"/>
    <property name="basedir" value="/Users/volodymyrbendiukevych/IdeaProjects/CucumberBatch4"/>
    <property name="java.vm.compressedOopsMode" value="Zero based"/>
    <property name="line.separator" value="&#10;"/>
    <property name="java.specification.name" value="Java Platform API Specification"/>
    <property name="java.vm.specification.vendor" value="Oracle Corporation"/>
    <property name="java.awt.graphicsenv" value="sun.awt.CGraphicsEnvironment"/>
    <property name="surefire.real.class.path" value="/Users/volodymyrbendiukevych/IdeaProjects/CucumberBatch4/target/surefire/surefirebooter13783547546763265392.jar"/>
    <property name="sun.management.compiler" value="HotSpot 64-Bit Tiered Compilers"/>
    <property name="ftp.nonProxyHosts" value="local|*.local|169.254/16|*.169.254/16"/>
    <property name="java.runtime.version" value="11.0.7+8-LTS"/>
    <property name="user.name" value="volodymyrbendiukevych"/>
    <property name="path.separator" value=":"/>
    <property name="os.version" value="10.15.5"/>
    <property name="java.runtime.name" value="Java(TM) SE Runtime Environment"/>
    <property name="file.encoding" value="UTF-8"/>
    <property name="java.vm.name" value="Java HotSpot(TM) 64-Bit Server VM"/>
    <property name="java.vendor.version" value="18.9"/>
    <property name="localRepository" value="/Users/volodymyrbendiukevych/.m2/repository"/>
    <property name="java.vendor.url.bug" value="https://bugreport.java.com/bugreport/"/>
    <property name="java.io.tmpdir" value="/var/folders/p6/d_53fxh53jldznc11j9jqnw00000gn/T/"/>
    <property name="java.version" value="11.0.7"/>
    <property name="user.dir" value="/Users/volodymyrbendiukevych/IdeaProjects/CucumberBatch4"/>
    <property name="os.arch" value="x86_64"/>
    <property name="java.vm.specification.name" value="Java Virtual Machine Specification"/>
    <property name="java.awt.printerjob" value="sun.lwawt.macosx.CPrinterJob"/>
    <property name="sun.os.patch.level" value="unknown"/>
    <property name="java.library.path" value="/Users/volodymyrbendiukevych/Library/Java/Extensions:/Library/Java/Extensions:/Network/Library/Java/Extensions:/System/Library/Java/Extensions:/usr/lib/java:."/>
    <property name="java.vendor" value="Oracle Corporation"/>
    <property name="java.vm.info" value="mixed mode"/>
    <property name="java.vm.version" value="11.0.7+8-LTS"/>
    <property name="sun.io.unicode.encoding" value="UnicodeBig"/>
    <property name="java.class.version" value="55.0"/>
    <property name="socksNonProxyHosts" value="local|*.local|169.254/16|*.169.254/16"/>
  </properties>
  <testcase name="get pet" classname="Deserialize swagger pet" time="1.736">
    <failure message="expected:&lt;200&gt; but was:&lt;500&gt;" type="java.lang.AssertionError"><![CDATA[java.lang.AssertionError: expected:<200> but was:<500>
]]></failure>
    <system-out><![CDATA[
Scenario Outline: get pet                          &amp#27;[90m# src/test/resources/API/DeserializationSwagger.feature:11&amp#27;[0m
  &amp#27;[32mGiven &amp#27;[0m&amp#27;[32maccept header is set to &amp#27;[0m&amp#27;[32m&amp#27;[1m"ContentType.JSON"&amp#27;[0m &amp#27;[90m# StepDefinitions.api.SwaggerDeserialize.acceptHeaderIsSetTo(java.lang.String)&amp#27;[0m
  &amp#27;[32mWhen &amp#27;[0m&amp#27;[32mthe user execute &amp#27;[0m&amp#27;[32m&amp#27;[1m"GET"&amp#27;[0m&amp#27;[32m request&amp#27;[0m              &amp#27;[90m# StepDefinitions.api.SwaggerDeserialize.theUserExecuteGETRequest(java.lang.String)&amp#27;[0m
  &amp#27;[31mThen &amp#27;[0m&amp#27;[31mthe status code is &amp#27;[0m&amp#27;[31m&amp#27;[1m200&amp#27;[0m                      &amp#27;[90m# StepDefinitions.api.SwaggerDeserialize.the_status_code_is_OK(int)&amp#27;[0m
      &amp#27;[31mjava.lang.AssertionError: expected:<200> but was:<500>
	at org.junit.Assert.fail(Assert.java:89)
	at org.junit.Assert.failNotEquals(Assert.java:835)
	at org.junit.Assert.assertEquals(Assert.java:647)
	at org.junit.Assert.assertEquals(Assert.java:633)
	at StepDefinitions.api.SwaggerDeserialize.the_status_code_is_OK(SwaggerDeserialize.java:35)
	at ✽.the status code is 200(file:///Users/volodymyrbendiukevych/IdeaProjects/CucumberBatch4/src/test/resources/API/DeserializationSwagger.feature:6)
&amp#27;[0m
  &amp#27;[36mAnd &amp#27;[0m&amp#27;[36mcontentType header is &amp#27;[0m&amp#27;[36m&amp#27;[1m"application/json"&amp#27;[0m     &amp#27;[90m# StepDefinitions.api.SwaggerDeserialize.contentTypeHeaderIs(java.lang.String)&amp#27;[0m
  &amp#27;[36mAnd &amp#27;[0m&amp#27;[36muser verified &amp#27;[0m&amp#27;[36m&amp#27;[1m5&amp#27;[0m&amp#27;[36m &amp#27;[0m&amp#27;[36m&amp#27;[1m"doggie"&amp#27;[0m&amp#27;[36m &amp#27;[0m&amp#27;[36m&amp#27;[1m1&amp#27;[0m&amp#27;[36m size&amp#27;[0m              &amp#27;[90m# StepDefinitions.api.SwaggerDeserialize.userVerifiedDoggieSize(int,java.lang.String,int)&amp#27;[0m
]]></system-out>
    <system-err><![CDATA[Jul 21, 2020 10:44:47 PM io.cucumber.junit.Cucumber <init>
WARNING: By default Cucumber is running in --non-strict mode.
This default will change to --strict and --non-strict will be removed.
You can use --strict or @CucumberOptions(strict = true) to suppress this warning
]]></system-err>
  </testcase>
  <testcase name="test1" classname="Practice API" time="0.545"/>
</testsuite>